[2025-06-23T07:46:57.582Z] POST /shorturls
[2025-06-23T07:47:38.245Z] POST /shorturls?url=https://example.com/test-page&validity=15&shortcode=test123
[2025-06-23T07:48:29.135Z] POST /shorturls
[2025-06-23T07:48:30.635Z] POST /shorturls
[2025-06-23T07:48:32.926Z] POST /shorturls
[2025-06-23T07:55:53.663Z] POST /shorturls
[2025-06-23T07:56:57.146Z] GET /mytest
[2025-06-23T07:58:38.644Z] GET /mytest
[2025-06-23T08:00:57.811Z] GET /shorturls/mytest
[2025-06-23T08:11:15.380Z] POST /shorturls
[2025-06-23T08:11:27.942Z] GET /test123
[2025-06-23T08:12:17.436Z] GET /shorturls/test123
[2025-06-23T08:53:04.437Z] GET /shorturls
[2025-06-23T08:53:08.448Z] POST /shorturls
[2025-06-23T08:53:09.901Z] POST /shorturls
[2025-06-23T08:53:10.987Z] POST /shorturls
[2025-06-23T08:53:37.484Z] POST /shorturls
[2025-06-23T08:53:51.443Z] POST /shorturls
[2025-06-23T08:53:52.860Z] POST /shorturls
[2025-06-23T08:54:17.620Z] POST /shorturls
[2025-06-23T08:55:06.712Z] POST /shorten
[2025-06-23T08:55:32.030Z] POST /shorten
[2025-06-23T08:55:33.392Z] POST /shorten
[2025-06-23T08:56:16.012Z] POST /shorten
[2025-06-23T08:56:17.249Z] POST /shorten
[2025-06-23T08:58:48.581Z] POST /shorten
[2025-06-23T08:59:11.594Z] POST /shorten
[2025-06-23T08:59:13.264Z] POST /shorten
[2025-06-23T08:59:40.400Z] GET /shorturls/mytest
[2025-06-23T09:00:15.477Z] POST /shorturls
[2025-06-23T09:01:46.952Z] POST /shorten
[2025-06-23T09:03:27.777Z] POST /shorten
[2025-06-23T09:03:28.998Z] POST /shorten
[2025-06-23T09:03:31.005Z] POST /shorten
[2025-06-23T09:05:43.331Z] POST /shorten
[2025-06-23T09:07:01.108Z] POST /shorten
[2025-06-23T09:07:15.697Z] POST /shorten
[2025-06-23T09:07:17.040Z] POST /shorten
[2025-06-23T09:07:18.234Z] POST /shorten
[2025-06-23T09:09:18.647Z] POST /shorten
[2025-06-23T09:11:04.086Z] POST /shorturls
[2025-06-23T09:11:12.911Z] POST /shorturls
[2025-06-23T09:11:22.850Z] POST /shorturls
[2025-06-23T09:11:25.239Z] POST /shorturls
[2025-06-23T09:11:55.698Z] POST /shorturls
